Line 25: Class MSDataGridLib.DataGrid of control DataGrid1 was not a loaded control class.
Line 111: Class MSAdodcLib.Adodc of control Adodc1 was not a loaded control class.
Line 26: The property name Bindings in DataGrid1 is invalid.
Line 32: The property name _ExtentX in DataGrid1 is invalid.
Line 33: The property name _ExtentY in DataGrid1 is invalid.
Line 34: The property name _Version in DataGrid1 is invalid.
Line 35: The property name AllowUpdate in DataGrid1 is invalid.
Line 37: The property name HeadLines in DataGrid1 is invalid.
Line 38: The property name RowHeight in DataGrid1 is invalid.
Line 39: The property name FormatLocked in DataGrid1 is invalid.
Line 48: The property name HeadFont in DataGrid1 is invalid.
Line 58: The property name ColumnCount in DataGrid1 is invalid.
Line 71: The property name Column00 in DataGrid1 is invalid.
Line 84: The property name Column01 in DataGrid1 is invalid.
Line 85: The property name SplitCount in DataGrid1 is invalid.
Line 93: The property name Split0 in DataGrid1 is invalid.
Line 117: The property name _ExtentX in Adodc1 is invalid.
Line 118: The property name _ExtentY in Adodc1 is invalid.
Line 119: The property name ConnectMode in Adodc1 is invalid.
Line 120: The property name CursorLocation in Adodc1 is invalid.
Line 121: The property name IsolationLevel in Adodc1 is invalid.
Line 122: The property name ConnectionTimeout in Adodc1 is invalid.
Line 123: The property name CommandTimeout in Adodc1 is invalid.
Line 124: The property name CursorType in Adodc1 is invalid.
Line 125: The property name LockType in Adodc1 is invalid.
Line 126: The property name CommandType in Adodc1 is invalid.
Line 127: The property name CursorOptions in Adodc1 is invalid.
Line 128: The property name CacheSize in Adodc1 is invalid.
Line 129: The property name MaxRecords in Adodc1 is invalid.
Line 130: The property name BOFAction in Adodc1 is invalid.
Line 131: The property name EOFAction in Adodc1 is invalid.
Line 132: The property name ConnectStringType in Adodc1 is invalid.
Line 136: The property name Orientation in Adodc1 is invalid.
Line 138: The property name Connect in Adodc1 is invalid.
Line 139: The property name OLEDBString in Adodc1 is invalid.
Line 140: The property name OLEDBFile in Adodc1 is invalid.
Line 141: The property name DataSourceName in Adodc1 is invalid.
Line 142: The property name OtherAttributes in Adodc1 is invalid.
Line 143: The property name UserName in Adodc1 is invalid.
Line 144: The property name Password in Adodc1 is invalid.
Line 145: The property name RecordSource in Adodc1 is invalid.
Line 146: The property name Caption in Adodc1 is invalid.
Line 156: The property name _Version in Adodc1 is invalid.
